# JRE version: OpenJDK Runtime Environment (11.0.13) (build 11.0.13+0-b1751.21-8125866)
# Java VM: OpenJDK 64-Bit Server VM (11.0.13+0-b1751.21-8125866, mixed mode, tiered, compressed oops, g1 gc, windows-amd64)
Heap:
 garbage-first heap   total 196608K, used 97445K [0x0000000080000000, 0x0000000100000000)
  region size 1024K, 48 young (49152K), 14 survivors (14336K)
 Metaspace       used 71649K, capacity 73180K, committed 73288K, reserved 1114112K
  class space    used 8952K, capacity 9538K, committed 9624K, reserved 1048576K
GC Heap History (20 events):
Event: 0.999 GC heap before
{Heap before GC invocations=1 (full 0):
 garbage-first heap   total 163840K, used 18613K [0x0000000080000000, 0x0000000100000000)
  region size 1024K, 13 young (13312K), 2 survivors (2048K)
 Metaspace       used 9877K, capacity 10122K, committed 10368K, reserved 1058816K
  class space    used 1011K, capacity 1102K, committed 1152K, reserved 1048576K
}
Event: 1.003 GC heap after
{Heap after GC invocations=2 (full 0):
 garbage-first heap   total 163840K, used 9276K [0x0000000080000000, 0x0000000100000000)
  region size 1024K, 2 young (2048K), 2 survivors (2048K)
 Metaspace       used 9877K, capacity 10122K, committed 10368K, reserved 1058816K
  class space    used 1011K, capacity 1102K, committed 1152K, reserved 1048576K
}
Event: 1.468 GC heap before
{Heap before GC invocations=2 (full 0):
 garbage-first heap   total 163840K, used 35900K [0x0000000080000000, 0x0000000100000000)
  region size 1024K, 28 young (28672K), 2 survivors (2048K)
 Metaspace       used 10856K, capacity 11077K, committed 11264K, reserved 1058816K
  class space    used 1112K, capacity 1207K, committed 1280K, reserved 1048576K
}
Event: 1.471 GC heap after
{Heap after GC invocations=3 (full 0):
 garbage-first heap   total 163840K, used 10085K [0x0000000080000000, 0x0000000100000000)
  region size 1024K, 3 young (3072K), 3 survivors (3072K)
 Metaspace       used 10856K, capacity 11077K, committed 11264K, reserved 1058816K
  class space    used 1112K, capacity 1207K, committed 1280K, reserved 1048576K
}
Event: 2.973 GC heap before
{Heap before GC invocations=3 (full 0):
 garbage-first heap   total 163840K, used 50021K [0x0000000080000000, 0x0000000100000000)
  region size 1024K, 42 young (43008K), 3 survivors (3072K)
 Metaspace       used 16735K, capacity 17072K, committed 17152K, reserved 1064960K
  class space    used 1908K, capacity 2034K, committed 2048K, reserved 1048576K
}
Event: 2.982 GC heap after
{Heap after GC invocations=4 (full 0):
 garbage-first heap   total 163840K, used 15454K [0x0000000080000000, 0x0000000100000000)
  region size 1024K, 6 young (6144K), 6 survivors (6144K)
 Metaspace       used 16735K, capacity 17072K, committed 17152K, reserved 1064960K
  class space    used 1908K, capacity 2034K, committed 2048K, reserved 1048576K
}
Event: 3.451 GC heap before
{Heap before GC invocations=4 (full 0):
 garbage-first heap   total 163840K, used 52318K [0x0000000080000000, 0x0000000100000000)
  region size 1024K, 43 young (44032K), 6 survivors (6144K)
 Metaspace       used 20894K, capacity 21241K, committed 21296K, reserved 1069056K
  class space    used 2536K, capacity 2680K, committed 2688K, reserved 1048576K
}
Event: 3.460 GC heap after
{Heap after GC invocations=5 (full 0):
 garbage-first heap   total 163840K, used 17166K [0x0000000080000000, 0x0000000100000000)
  region size 1024K, 2 young (2048K), 2 survivors (2048K)
 Metaspace       used 20894K, capacity 21241K, committed 21296K, reserved 1069056K
  class space    used 2536K, capacity 2680K, committed 2688K, reserved 1048576K
}
Event: 41.262 GC heap before
{Heap before GC invocations=6 (full 0):
 garbage-first heap   total 163840K, used 78606K [0x0000000080000000, 0x0000000100000000)
  region size 1024K, 61 young (62464K), 2 survivors (2048K)
 Metaspace       used 27630K, capacity 28192K, committed 28412K, reserved 1075200K
  class space    used 3423K, capacity 3638K, committed 3660K, reserved 1048576K
}
Event: 41.277 GC heap after
{Heap after GC invocations=7 (full 0):
 garbage-first heap   total 196608K, used 18962K [0x0000000080000000, 0x0000000100000000)
  region size 1024K, 4 young (4096K), 4 survivors (4096K)
 Metaspace       used 27630K, capacity 28192K, committed 28412K, reserved 1075200K
  class space    used 3423K, capacity 3638K, committed 3660K, reserved 1048576K
}
Event: 63.436 GC heap before
{Heap before GC invocations=8 (full 0):
 garbage-first heap   total 196608K, used 111122K [0x0000000080000000, 0x0000000100000000)
  region size 1024K, 94 young (96256K), 4 survivors (4096K)
 Metaspace       used 34423K, capacity 35138K, committed 35452K, reserved 1079296K
  class space    used 4457K, capacity 4743K, committed 4812K, reserved 1048576K
}
Event: 63.448 GC heap after
{Heap after GC invocations=9 (full 0):
 garbage-first heap   total 196608K, used 20687K [0x0000000080000000, 0x0000000100000000)
  region size 1024K, 5 young (5120K), 5 survivors (5120K)
 Metaspace       used 34423K, capacity 35138K, committed 35452K, reserved 1079296K
  class space    used 4457K, capacity 4743K, committed 4812K, reserved 1048576K
}
Event: 72.793 GC heap before
{Heap before GC invocations=9 (full 0):
 garbage-first heap   total 196608K, used 134351K [0x0000000080000000, 0x0000000100000000)
  region size 1024K, 115 young (117760K), 5 survivors (5120K)
 Metaspace       used 46283K, capacity 47295K, committed 47356K, reserved 1091584K
  class space    used 5794K, capacity 6184K, committed 6220K, reserved 1048576K
}
Event: 72.819 GC heap after
{Heap after GC invocations=10 (full 0):
 garbage-first heap   total 196608K, used 29571K [0x0000000080000000, 0x0000000100000000)
  region size 1024K, 14 young (14336K), 14 survivors (14336K)
 Metaspace       used 46283K, capacity 47295K, committed 47356K, reserved 1091584K
  class space    used 5794K, capacity 6184K, committed 6220K, reserved 1048576K
}
Event: 78.938 GC heap before
{Heap before GC invocations=11 (full 0):
 garbage-first heap   total 196608K, used 140163K [0x0000000080000000, 0x0000000100000000)
  region size 1024K, 115 young (117760K), 14 survivors (14336K)
 Metaspace       used 51825K, capacity 53097K, committed 53320K, reserved 1095680K
  class space    used 6523K, capacity 7022K, committed 7064K, reserved 1048576K
}
Event: 78.970 GC heap after
{Heap after GC invocations=12 (full 0):
 garbage-first heap   total 196608K, used 45709K [0x0000000080000000, 0x0000000100000000)
  region size 1024K, 9 young (9216K), 9 survivors (9216K)
 Metaspace       used 51825K, capacity 53097K, committed 53320K, reserved 1095680K
  class space    used 6523K, capacity 7022K, committed 7064K, reserved 1048576K
}
Event: 83.366 GC heap before
{Heap before GC invocations=12 (full 0):
 garbage-first heap   total 196608K, used 157325K [0x0000000080000000, 0x0000000100000000)
  region size 1024K, 111 young (113664K), 9 survivors (9216K)
 Metaspace       used 64523K, capacity 65991K, committed 66248K, reserved 1107968K
  class space    used 8059K, capacity 8649K, committed 8728K, reserved 1048576K
}
Event: 83.382 GC heap after
{Heap after GC invocations=13 (full 0):
 garbage-first heap   total 196608K, used 58267K [0x0000000080000000, 0x0000000100000000)
  region size 1024K, 14 young (14336K), 14 survivors (14336K)
 Metaspace       used 64523K, capacity 65991K, committed 66248K, reserved 1107968K
  class space    used 8059K, capacity 8649K, committed 8728K, reserved 1048576K
}
Event: 87.743 GC heap before
{Heap before GC invocations=13 (full 0):
 garbage-first heap   total 196608K, used 156571K [0x0000000080000000, 0x0000000100000000)
  region size 1024K, 108 young (110592K), 14 survivors (14336K)
 Metaspace       used 71405K, capacity 72889K, committed 73032K, reserved 1112064K
  class space    used 8938K, capacity 9504K, committed 9624K, reserved 1048576K
}
Event: 87.772 GC heap after
{Heap after GC invocations=14 (full 0):
 garbage-first heap   total 196608K, used 63653K [0x0000000080000000, 0x0000000100000000)
  region size 1024K, 14 young (14336K), 14 survivors (14336K)
 Metaspace       used 71405K, capacity 72889K, committed 73032K, reserved 1112064K
  class space    used 8938K, capacity 9504K, committed 9624K, reserved 1048576K
}

