# JRE version: OpenJDK Runtime Environment (11.0.13) (build 11.0.13+0-b1751.21-8125866)
# Java VM: OpenJDK 64-Bit Server VM (11.0.13+0-b1751.21-8125866, mixed mode, tiered, compressed oops, g1 gc, windows-amd64)
Heap:
 garbage-first heap   total 284672K, used 240640K [0x0000000080000000, 0x0000000100000000)
  region size 1024K, 28 young (28672K), 4 survivors (4096K)
 Metaspace       used 142227K, capacity 146409K, committed 146736K, reserved 1177600K
  class space    used 17766K, capacity 19254K, committed 19328K, reserved 1048576K
GC Heap History (20 events):
Event: 459.576 GC heap before
{Heap before GC invocations=63 (full 0):
 garbage-first heap   total 284672K, used 243693K [0x0000000080000000, 0x0000000100000000)
  region size 1024K, 53 young (54272K), 4 survivors (4096K)
 Metaspace       used 126829K, capacity 129982K, committed 130096K, reserved 1163264K
  class space    used 15621K, capacity 16697K, committed 16768K, reserved 1048576K
}
Event: 459.595 GC heap after
{Heap after GC invocations=64 (full 0):
 garbage-first heap   total 284672K, used 197945K [0x0000000080000000, 0x0000000100000000)
  region size 1024K, 7 young (7168K), 7 survivors (7168K)
 Metaspace       used 126829K, capacity 129982K, committed 130096K, reserved 1163264K
  class space    used 15621K, capacity 16697K, committed 16768K, reserved 1048576K
}
Event: 460.002 GC heap before
{Heap before GC invocations=64 (full 0):
 garbage-first heap   total 284672K, used 203065K [0x0000000080000000, 0x0000000100000000)
  region size 1024K, 13 young (13312K), 7 survivors (7168K)
 Metaspace       used 126842K, capacity 129985K, committed 130096K, reserved 1163264K
  class space    used 15621K, capacity 16697K, committed 16768K, reserved 1048576K
}
Event: 460.016 GC heap after
{Heap after GC invocations=65 (full 0):
 garbage-first heap   total 284672K, used 197865K [0x0000000080000000, 0x0000000100000000)
  region size 1024K, 2 young (2048K), 2 survivors (2048K)
 Metaspace       used 126842K, capacity 129985K, committed 130096K, reserved 1163264K
  class space    used 15621K, capacity 16697K, committed 16768K, reserved 1048576K
}
Event: 461.062 GC heap before
{Heap before GC invocations=65 (full 0):
 garbage-first heap   total 284672K, used 242921K [0x0000000080000000, 0x0000000100000000)
  region size 1024K, 47 young (48128K), 2 survivors (2048K)
 Metaspace       used 127001K, capacity 130208K, committed 130352K, reserved 1163264K
  class space    used 15626K, capacity 16699K, committed 16768K, reserved 1048576K
}
Event: 461.075 GC heap after
{Heap after GC invocations=66 (full 0):
 garbage-first heap   total 284672K, used 199900K [0x0000000080000000, 0x0000000100000000)
  region size 1024K, 4 young (4096K), 4 survivors (4096K)
 Metaspace       used 127001K, capacity 130208K, committed 130352K, reserved 1163264K
  class space    used 15626K, capacity 16699K, committed 16768K, reserved 1048576K
}
Event: 462.474 GC heap before
{Heap before GC invocations=67 (full 0):
 garbage-first heap   total 284672K, used 243932K [0x0000000080000000, 0x0000000100000000)
  region size 1024K, 48 young (49152K), 4 survivors (4096K)
 Metaspace       used 127578K, capacity 130722K, committed 130992K, reserved 1163264K
  class space    used 15680K, capacity 16777K, committed 16896K, reserved 1048576K
}
Event: 462.487 GC heap after
{Heap after GC invocations=68 (full 0):
 garbage-first heap   total 284672K, used 202938K [0x0000000080000000, 0x0000000100000000)
  region size 1024K, 6 young (6144K), 6 survivors (6144K)
 Metaspace       used 127578K, capacity 130722K, committed 130992K, reserved 1163264K
  class space    used 15680K, capacity 16777K, committed 16896K, reserved 1048576K
}
Event: 469.996 GC heap before
{Heap before GC invocations=68 (full 0):
 garbage-first heap   total 284672K, used 210106K [0x0000000080000000, 0x0000000100000000)
  region size 1024K, 13 young (13312K), 6 survivors (6144K)
 Metaspace       used 128379K, capacity 131512K, committed 131760K, reserved 1165312K
  class space    used 15779K, capacity 16875K, committed 16896K, reserved 1048576K
}
Event: 470.007 GC heap after
{Heap after GC invocations=69 (full 0):
 garbage-first heap   total 284672K, used 202481K [0x0000000080000000, 0x0000000100000000)
  region size 1024K, 1 young (1024K), 1 survivors (1024K)
 Metaspace       used 128379K, capacity 131512K, committed 131760K, reserved 1165312K
  class space    used 15779K, capacity 16875K, committed 16896K, reserved 1048576K
}
Event: 472.747 GC heap before
{Heap before GC invocations=69 (full 0):
 garbage-first heap   total 284672K, used 245489K [0x0000000080000000, 0x0000000100000000)
  region size 1024K, 44 young (45056K), 1 survivors (1024K)
 Metaspace       used 129205K, capacity 132493K, committed 132656K, reserved 1165312K
  class space    used 15870K, capacity 16982K, committed 17024K, reserved 1048576K
}
Event: 472.763 GC heap after
{Heap after GC invocations=70 (full 0):
 garbage-first heap   total 284672K, used 204874K [0x0000000080000000, 0x0000000100000000)
  region size 1024K, 4 young (4096K), 4 survivors (4096K)
 Metaspace       used 129205K, capacity 132493K, committed 132656K, reserved 1165312K
  class space    used 15870K, capacity 16982K, committed 17024K, reserved 1048576K
}
Event: 473.662 GC heap before
{Heap before GC invocations=70 (full 0):
 garbage-first heap   total 284672K, used 228426K [0x0000000080000000, 0x0000000100000000)
  region size 1024K, 29 young (29696K), 4 survivors (4096K)
 Metaspace       used 130705K, capacity 134189K, committed 134320K, reserved 1167360K
  class space    used 16098K, capacity 17285K, committed 17408K, reserved 1048576K
}
Event: 473.671 GC heap after
{Heap after GC invocations=71 (full 0):
 garbage-first heap   total 284672K, used 206775K [0x0000000080000000, 0x0000000100000000)
  region size 1024K, 5 young (5120K), 5 survivors (5120K)
 Metaspace       used 130705K, capacity 134189K, committed 134320K, reserved 1167360K
  class space    used 16098K, capacity 17285K, committed 17408K, reserved 1048576K
}
Event: 482.476 GC heap before
{Heap before GC invocations=72 (full 0):
 garbage-first heap   total 284672K, used 247735K [0x0000000080000000, 0x0000000100000000)
  region size 1024K, 42 young (43008K), 5 survivors (5120K)
 Metaspace       used 134594K, capacity 138296K, committed 138416K, reserved 1169408K
  class space    used 16623K, capacity 17862K, committed 17920K, reserved 1048576K
}
Event: 482.493 GC heap after
{Heap after GC invocations=73 (full 0):
 garbage-first heap   total 284672K, used 213821K [0x0000000080000000, 0x0000000100000000)
  region size 1024K, 6 young (6144K), 6 survivors (6144K)
 Metaspace       used 134594K, capacity 138296K, committed 138416K, reserved 1169408K
  class space    used 16623K, capacity 17862K, committed 17920K, reserved 1048576K
}
Event: 482.671 GC heap before
{Heap before GC invocations=73 (full 0):
 garbage-first heap   total 284672K, used 219965K [0x0000000080000000, 0x0000000100000000)
  region size 1024K, 13 young (13312K), 6 survivors (6144K)
 Metaspace       used 135006K, capacity 138759K, committed 139056K, reserved 1171456K
  class space    used 16684K, capacity 17931K, committed 18048K, reserved 1048576K
}
Event: 482.692 GC heap after
{Heap after GC invocations=74 (full 0):
 garbage-first heap   total 284672K, used 213698K [0x0000000080000000, 0x0000000100000000)
  region size 1024K, 2 young (2048K), 2 survivors (2048K)
 Metaspace       used 135006K, capacity 138759K, committed 139056K, reserved 1171456K
  class space    used 16684K, capacity 17931K, committed 18048K, reserved 1048576K
}
Event: 483.933 GC heap before
{Heap before GC invocations=74 (full 0):
 garbage-first heap   total 284672K, used 243394K [0x0000000080000000, 0x0000000100000000)
  region size 1024K, 32 young (32768K), 2 survivors (2048K)
 Metaspace       used 140634K, capacity 144756K, committed 144944K, reserved 1175552K
  class space    used 17581K, capacity 19051K, committed 19072K, reserved 1048576K
}
Event: 483.955 GC heap after
{Heap after GC invocations=75 (full 0):
 garbage-first heap   total 284672K, used 217088K [0x0000000080000000, 0x0000000100000000)
  region size 1024K, 4 young (4096K), 4 survivors (4096K)
 Metaspace       used 140634K, capacity 144756K, committed 144944K, reserved 1175552K
  class space    used 17581K, capacity 19051K, committed 19072K, reserved 1048576K
}

